0 info it worked if it ends with ok
1 verbose cli [ '/usr/local/bin/node', '/usr/local/bin/npm', 'i', 'node' ]
2 info using npm@3.10.10
3 info using node@v6.11.1
4 silly loadCurrentTree Starting
5 silly install loadCurrentTree
6 silly install readLocalPackageData
7 silly fetchPackageMetaData node
8 silly fetchNamedPackageData node
9 silly mapToRegistry name node
10 silly mapToRegistry using default registry
11 silly mapToRegistry registry https://registry.npmjs.org/
12 silly mapToRegistry data Result {
12 silly mapToRegistry   raw: 'node',
12 silly mapToRegistry   scope: null,
12 silly mapToRegistry   escapedName: 'node',
12 silly mapToRegistry   name: 'node',
12 silly mapToRegistry   rawSpec: '',
12 silly mapToRegistry   spec: 'latest',
12 silly mapToRegistry   type: 'tag' }
13 silly mapToRegistry uri https://registry.npmjs.org/node
14 verbose request uri https://registry.npmjs.org/node
15 verbose request no auth needed
16 info attempt registry request try #1 at 7:07:13 PM
17 verbose request id ccb36beb5869f0fc
18 http request GET https://registry.npmjs.org/node
19 http 200 https://registry.npmjs.org/node
20 verbose headers { 'content-type': 'application/json; charset=UTF-8',
20 verbose headers   server: 'UploadServer',
20 verbose headers   'cache-control': 'max-age=300',
20 verbose headers   'last-modified': 'Tue, 1 May 2018 4:03:22 GMT',
20 verbose headers   etag: '"5ae7e70a-5c391"',
20 verbose headers   'x-npm-region': 'EU-East',
20 verbose headers   'content-encoding': 'gzip',
20 verbose headers   'content-length': '60464',
20 verbose headers   'accept-ranges': 'bytes',
20 verbose headers   date: 'Fri, 11 May 2018 15:07:14 GMT',
20 verbose headers   via: '1.1 varnish',
20 verbose headers   age: '333',
20 verbose headers   connection: 'keep-alive',
20 verbose headers   'x-served-by': 'cache-bma7034-BMA',
20 verbose headers   'x-cache': 'HIT',
20 verbose headers   'x-cache-hits': '1',
20 verbose headers   'x-timer': 'S1526051234.057570,VS0,VE3',
20 verbose headers   vary: 'Accept-Encoding, Accept' }
21 silly get cb [ 200,
21 silly get   { 'content-type': 'application/json; charset=UTF-8',
21 silly get     server: 'UploadServer',
21 silly get     'cache-control': 'max-age=300',
21 silly get     'last-modified': 'Tue, 1 May 2018 4:03:22 GMT',
21 silly get     etag: '"5ae7e70a-5c391"',
21 silly get     'x-npm-region': 'EU-East',
21 silly get     'content-encoding': 'gzip',
21 silly get     'content-length': '60464',
21 silly get     'accept-ranges': 'bytes',
21 silly get     date: 'Fri, 11 May 2018 15:07:14 GMT',
21 silly get     via: '1.1 varnish',
21 silly get     age: '333',
21 silly get     connection: 'keep-alive',
21 silly get     'x-served-by': 'cache-bma7034-BMA',
21 silly get     'x-cache': 'HIT',
21 silly get     'x-cache-hits': '1',
21 silly get     'x-timer': 'S1526051234.057570,VS0,VE3',
21 silly get     vary: 'Accept-Encoding, Accept' } ]
22 verbose get saving node to /Users/user/.npm/registry.npmjs.org/node/.cache.json
23 verbose correctMkdir /Users/user/.npm correctMkdir not in flight; initializing
24 silly install normalizeTree
25 silly loadCurrentTree Finishing
26 silly loadIdealTree Starting
27 silly install loadIdealTree
28 silly cloneCurrentTree Starting
29 silly install cloneCurrentTreeToIdealTree
30 silly cloneCurrentTree Finishing
31 silly loadShrinkwrap Starting
32 silly install loadShrinkwrap
33 silly loadShrinkwrap Finishing
34 silly loadAllDepsIntoIdealTree Starting
35 silly install loadAllDepsIntoIdealTree
36 silly resolveWithNewModule node@10.0.0 checking installable status
37 silly cache add args [ 'node', null ]
38 verbose cache add spec node
39 silly cache add parsed spec Result {
39 silly cache add   raw: 'node',
39 silly cache add   scope: null,
39 silly cache add   escapedName: 'node',
39 silly cache add   name: 'node',
39 silly cache add   rawSpec: '',
39 silly cache add   spec: 'latest',
39 silly cache add   type: 'tag' }
40 silly addNamed node@latest
41 verbose addNamed "latest" is being treated as a dist-tag for node
42 info addNameTag [ 'node', 'latest' ]
43 silly mapToRegistry name node
44 silly mapToRegistry using default registry
45 silly mapToRegistry registry https://registry.npmjs.org/
46 silly mapToRegistry data Result {
46 silly mapToRegistry   raw: 'node',
46 silly mapToRegistry   scope: null,
46 silly mapToRegistry   escapedName: 'node',
46 silly mapToRegistry   name: 'node',
46 silly mapToRegistry   rawSpec: '',
46 silly mapToRegistry   spec: 'latest',
46 silly mapToRegistry   type: 'tag' }
47 silly mapToRegistry uri https://registry.npmjs.org/node
48 verbose addNameTag registry:https://registry.npmjs.org/node not in flight; fetching
49 verbose get https://registry.npmjs.org/node not expired, no request
50 silly addNameTag next cb for node with tag latest
51 silly addNamed node@10.0.0
52 verbose addNamed "10.0.0" is a plain semver version for node
53 silly mapToRegistry name node
54 silly mapToRegistry using default registry
55 silly mapToRegistry registry https://registry.npmjs.org/
56 silly mapToRegistry data Result {
56 silly mapToRegistry   raw: 'node',
56 silly mapToRegistry   scope: null,
56 silly mapToRegistry   escapedName: 'node',
56 silly mapToRegistry   name: 'node',
56 silly mapToRegistry   rawSpec: '',
56 silly mapToRegistry   spec: 'latest',
56 silly mapToRegistry   type: 'tag' }
57 silly mapToRegistry uri https://registry.npmjs.org/node
58 verbose addRemoteTarball https://registry.npmjs.org/node/-/node-10.0.0.tgz not in flight; adding
59 verbose addRemoteTarball [ 'https://registry.npmjs.org/node/-/node-10.0.0.tgz',
59 verbose addRemoteTarball   'd998340e4bbba200134c1b0376ef79810ca18adb' ]
60 info retry fetch attempt 1 at 7:07:14 PM
61 info attempt registry request try #1 at 7:07:14 PM
62 http fetch GET https://registry.npmjs.org/node/-/node-10.0.0.tgz
63 http fetch 200 https://registry.npmjs.org/node/-/node-10.0.0.tgz
64 silly fetchAndShaCheck shasum d998340e4bbba200134c1b0376ef79810ca18adb
65 verbose addTmpTarball /var/folders/gv/brb4137n29lf70lyl9c_wlmm0000gp/T/npm-7219-bc264049/registry.npmjs.org/node/-/node-10.0.0.tgz not in flight; adding
66 verbose addTmpTarball already have metadata; skipping unpack for node@10.0.0
67 verbose correctMkdir /Users/user/.npm correctMkdir not in flight; initializing
68 silly cache afterAdd node@10.0.0
69 verbose afterAdd /Users/user/.npm/node/10.0.0/package/package.json not in flight; writing
70 verbose correctMkdir /Users/user/.npm correctMkdir not in flight; initializing
71 verbose afterAdd /Users/user/.npm/node/10.0.0/package/package.json written
72 silly fetchNamedPackageData node-bin-setup
73 silly mapToRegistry name node-bin-setup
74 silly mapToRegistry using default registry
75 silly mapToRegistry registry https://registry.npmjs.org/
76 silly mapToRegistry data Result {
76 silly mapToRegistry   raw: 'node-bin-setup',
76 silly mapToRegistry   scope: null,
76 silly mapToRegistry   escapedName: 'node-bin-setup',
76 silly mapToRegistry   name: 'node-bin-setup',
76 silly mapToRegistry   rawSpec: '',
76 silly mapToRegistry   spec: 'latest',
76 silly mapToRegistry   type: 'tag' }
77 silly mapToRegistry uri https://registry.npmjs.org/node-bin-setup
78 verbose request uri https://registry.npmjs.org/node-bin-setup
79 verbose request no auth needed
80 info attempt registry request try #1 at 7:07:14 PM
81 http request GET https://registry.npmjs.org/node-bin-setup
82 http 200 https://registry.npmjs.org/node-bin-setup
83 verbose headers { 'content-type': 'application/json; charset=UTF-8',
83 verbose headers   server: 'UploadServer',
83 verbose headers   'cache-control': 'max-age=300',
83 verbose headers   'last-modified': 'Tue, 25 Jul 2017 3:32:58 GMT',
83 verbose headers   etag: '"5976bbea-1511"',
83 verbose headers   'x-npm-region': 'EU-East',
83 verbose headers   'content-encoding': 'gzip',
83 verbose headers   'content-length': '1464',
83 verbose headers   'accept-ranges': 'bytes',
83 verbose headers   date: 'Fri, 11 May 2018 15:07:14 GMT',
83 verbose headers   via: '1.1 varnish',
83 verbose headers   age: '9731',
83 verbose headers   connection: 'keep-alive',
83 verbose headers   'x-served-by': 'cache-bma7034-BMA',
83 verbose headers   'x-cache': 'HIT',
83 verbose headers   'x-cache-hits': '1',
83 verbose headers   'x-timer': 'S1526051235.605841,VS0,VE1',
83 verbose headers   vary: 'Accept-Encoding, Accept' }
84 silly get cb [ 200,
84 silly get   { 'content-type': 'application/json; charset=UTF-8',
84 silly get     server: 'UploadServer',
84 silly get     'cache-control': 'max-age=300',
84 silly get     'last-modified': 'Tue, 25 Jul 2017 3:32:58 GMT',
84 silly get     etag: '"5976bbea-1511"',
84 silly get     'x-npm-region': 'EU-East',
84 silly get     'content-encoding': 'gzip',
84 silly get     'content-length': '1464',
84 silly get     'accept-ranges': 'bytes',
84 silly get     date: 'Fri, 11 May 2018 15:07:14 GMT',
84 silly get     via: '1.1 varnish',
84 silly get     age: '9731',
84 silly get     connection: 'keep-alive',
84 silly get     'x-served-by': 'cache-bma7034-BMA',
84 silly get     'x-cache': 'HIT',
84 silly get     'x-cache-hits': '1',
84 silly get     'x-timer': 'S1526051235.605841,VS0,VE1',
84 silly get     vary: 'Accept-Encoding, Accept' } ]
85 verbose get saving node-bin-setup to /Users/user/.npm/registry.npmjs.org/node-bin-setup/.cache.json
86 verbose correctMkdir /Users/user/.npm correctMkdir not in flight; initializing
87 silly resolveWithNewModule node-bin-setup@1.0.6 checking installable status
88 silly cache add args [ 'node-bin-setup@^1.0.0', null ]
89 verbose cache add spec node-bin-setup@^1.0.0
90 silly cache add parsed spec Result {
90 silly cache add   raw: 'node-bin-setup@^1.0.0',
90 silly cache add   scope: null,
90 silly cache add   escapedName: 'node-bin-setup',
90 silly cache add   name: 'node-bin-setup',
90 silly cache add   rawSpec: '^1.0.0',
90 silly cache add   spec: '>=1.0.0 <2.0.0',
90 silly cache add   type: 'range' }
91 silly addNamed node-bin-setup@>=1.0.0 <2.0.0
92 verbose addNamed ">=1.0.0 <2.0.0" is a valid semver range for node-bin-setup
93 silly addNameRange { name: 'node-bin-setup',
93 silly addNameRange   range: '>=1.0.0 <2.0.0',
93 silly addNameRange   hasData: false }
94 silly mapToRegistry name node-bin-setup
95 silly mapToRegistry using default registry
96 silly mapToRegistry registry https://registry.npmjs.org/
97 silly mapToRegistry data Result {
97 silly mapToRegistry   raw: 'node-bin-setup',
97 silly mapToRegistry   scope: null,
97 silly mapToRegistry   escapedName: 'node-bin-setup',
97 silly mapToRegistry   name: 'node-bin-setup',
97 silly mapToRegistry   rawSpec: '',
97 silly mapToRegistry   spec: 'latest',
97 silly mapToRegistry   type: 'tag' }
98 silly mapToRegistry uri https://registry.npmjs.org/node-bin-setup
99 verbose addNameRange registry:https://registry.npmjs.org/node-bin-setup not in flight; fetching
100 verbose get https://registry.npmjs.org/node-bin-setup not expired, no request
101 silly addNameRange number 2 { name: 'node-bin-setup',
101 silly addNameRange   range: '>=1.0.0 <2.0.0',
101 silly addNameRange   hasData: true }
102 silly addNameRange versions [ 'node-bin-setup',
102 silly addNameRange   [ '1.0.0', '1.0.1', '1.0.2', '1.0.3', '1.0.4', '1.0.6' ] ]
103 silly addNamed node-bin-setup@1.0.6
104 verbose addNamed "1.0.6" is a plain semver version for node-bin-setup
105 silly mapToRegistry name node-bin-setup
106 silly mapToRegistry using default registry
107 silly mapToRegistry registry https://registry.npmjs.org/
108 silly mapToRegistry data Result {
108 silly mapToRegistry   raw: 'node-bin-setup',
108 silly mapToRegistry   scope: null,
108 silly mapToRegistry   escapedName: 'node-bin-setup',
108 silly mapToRegistry   name: 'node-bin-setup',
108 silly mapToRegistry   rawSpec: '',
108 silly mapToRegistry   spec: 'latest',
108 silly mapToRegistry   type: 'tag' }
109 silly mapToRegistry uri https://registry.npmjs.org/node-bin-setup
110 verbose addRemoteTarball https://registry.npmjs.org/node-bin-setup/-/node-bin-setup-1.0.6.tgz not in flight; adding
111 verbose addRemoteTarball [ 'https://registry.npmjs.org/node-bin-setup/-/node-bin-setup-1.0.6.tgz',
111 verbose addRemoteTarball   '4b5c9bb937ece702d7069b36ca78af4684677528' ]
112 info retry fetch attempt 1 at 7:07:14 PM
113 info attempt registry request try #1 at 7:07:14 PM
114 http fetch GET https://registry.npmjs.org/node-bin-setup/-/node-bin-setup-1.0.6.tgz
115 http fetch 200 https://registry.npmjs.org/node-bin-setup/-/node-bin-setup-1.0.6.tgz
116 silly fetchAndShaCheck shasum 4b5c9bb937ece702d7069b36ca78af4684677528
117 verbose addTmpTarball /var/folders/gv/brb4137n29lf70lyl9c_wlmm0000gp/T/npm-7219-bc264049/registry.npmjs.org/node-bin-setup/-/node-bin-setup-1.0.6.tgz not in flight; adding
118 verbose addTmpTarball already have metadata; skipping unpack for node-bin-setup@1.0.6
119 verbose correctMkdir /Users/user/.npm correctMkdir not in flight; initializing
120 silly cache afterAdd node-bin-setup@1.0.6
121 verbose afterAdd /Users/user/.npm/node-bin-setup/1.0.6/package/package.json not in flight; writing
122 verbose correctMkdir /Users/user/.npm correctMkdir not in flight; initializing
123 verbose afterAdd /Users/user/.npm/node-bin-setup/1.0.6/package/package.json written
124 silly loadAllDepsIntoIdealTree Finishing
125 silly loadIdealTree Finishing
126 silly currentTree programming3@1.0.0
126 silly currentTree ├── abbrev@1.1.1
126 silly currentTree ├── accepts@1.3.5
126 silly currentTree ├── after@0.8.2
126 silly currentTree ├── ansi-align@2.0.0
126 silly currentTree ├── ansi-regex@3.0.0
126 silly currentTree ├── ansi-styles@3.2.1
126 silly currentTree ├── anymatch@2.0.0
126 silly currentTree ├── arr-diff@4.0.0
126 silly currentTree ├── arr-flatten@1.1.0
126 silly currentTree ├── arr-union@3.1.0
126 silly currentTree ├── array-flatten@1.1.1
126 silly currentTree ├── array-unique@0.3.2
126 silly currentTree ├── arraybuffer.slice@0.0.7
126 silly currentTree ├── assign-symbols@1.0.0
126 silly currentTree ├── async-each@1.0.1
126 silly currentTree ├── async-limiter@1.0.0
126 silly currentTree ├── atob@2.1.1
126 silly currentTree ├── backo2@1.0.2
126 silly currentTree ├── balanced-match@1.0.0
126 silly currentTree ├─┬ base@0.11.2
126 silly currentTree │ ├── define-property@1.0.0
126 silly currentTree │ ├── is-accessor-descriptor@1.0.0
126 silly currentTree │ ├── is-data-descriptor@1.0.0
126 silly currentTree │ └── is-descriptor@1.0.2
126 silly currentTree ├── base64-arraybuffer@0.1.5
126 silly currentTree ├── base64id@1.0.0
126 silly currentTree ├── better-assert@1.0.2
126 silly currentTree ├── binary-extensions@1.11.0
126 silly currentTree ├── blob@0.0.4
126 silly currentTree ├── body-parser@1.18.2
126 silly currentTree ├── boxen@1.3.0
126 silly currentTree ├── brace-expansion@1.1.11
126 silly currentTree ├─┬ braces@2.3.2
126 silly currentTree │ └── extend-shallow@2.0.1
126 silly currentTree ├── bytes@3.0.0
126 silly currentTree ├── cache-base@1.0.1
126 silly currentTree ├── callsite@1.0.0
126 silly currentTree ├── camelcase@4.1.0
126 silly currentTree ├── capture-stack-trace@1.0.0
126 silly currentTree ├── chalk@2.4.1
126 silly currentTree ├── chokidar@2.0.3
126 silly currentTree ├── ci-info@1.1.3
126 silly currentTree ├─┬ class-utils@0.3.6
126 silly currentTree │ └── define-property@0.2.5
126 silly currentTree ├── cli-boxes@1.0.0
126 silly currentTree ├── collection-visit@1.0.0
126 silly currentTree ├── color-convert@1.9.1
126 silly currentTree ├── color-name@1.1.3
126 silly currentTree ├── component-bind@1.0.0
126 silly currentTree ├── component-emitter@1.2.1
126 silly currentTree ├── component-inherit@0.0.3
126 silly currentTree ├── concat-map@0.0.1
126 silly currentTree ├── configstore@3.1.2
126 silly currentTree ├── content-disposition@0.5.2
126 silly currentTree ├── content-type@1.0.4
126 silly currentTree ├── cookie-signature@1.0.6
126 silly currentTree ├── cookie@0.3.1
126 silly currentTree ├── copy-descriptor@0.1.1
126 silly currentTree ├── core-util-is@1.0.2
126 silly currentTree ├── create-error-class@3.0.2
126 silly currentTree ├── cross-spawn@5.1.0
126 silly currentTree ├── crypto-random-string@1.0.0
126 silly currentTree ├── debug@2.6.9
126 silly currentTree ├── decode-uri-component@0.2.0
126 silly currentTree ├── deep-extend@0.5.1
126 silly currentTree ├─┬ define-property@2.0.2
126 silly currentTree │ ├── is-accessor-descriptor@1.0.0
126 silly currentTree │ ├── is-data-descriptor@1.0.0
126 silly currentTree │ └── is-descriptor@1.0.2
126 silly currentTree ├── depd@1.1.2
126 silly currentTree ├── destroy@1.0.4
126 silly currentTree ├── dot-prop@4.2.0
126 silly currentTree ├── duplexer@0.1.1
126 silly currentTree ├── duplexer3@0.1.4
126 silly currentTree ├── ee-first@1.1.1
126 silly currentTree ├── encodeurl@1.0.2
126 silly currentTree ├─┬ engine.io-client@3.2.1
126 silly currentTree │ └── debug@3.1.0
126 silly currentTree ├── engine.io-parser@2.1.2
126 silly currentTree ├─┬ engine.io@3.2.0
126 silly currentTree │ └── debug@3.1.0
126 silly currentTree ├── escape-html@1.0.3
126 silly currentTree ├── escape-string-regexp@1.0.5
126 silly currentTree ├── etag@1.8.1
126 silly currentTree ├── event-stream@3.3.4
126 silly currentTree ├── execa@0.7.0
126 silly currentTree ├─┬ expand-brackets@2.1.4
126 silly currentTree │ ├── define-property@0.2.5
126 silly currentTree │ └── extend-shallow@2.0.1
126 silly currentTree ├── express@4.16.3
126 silly currentTree ├─┬ extend-shallow@3.0.2
126 silly currentTree │ └── is-extendable@1.0.1
126 silly currentTree ├─┬ extglob@2.0.4
126 silly currentTree │ ├── define-property@1.0.0
126 silly currentTree │ ├── extend-shallow@2.0.1
126 silly currentTree │ ├── is-accessor-descriptor@1.0.0
126 silly currentTree │ ├── is-data-descriptor@1.0.0
126 silly currentTree │ └── is-descriptor@1.0.2
126 silly currentTree ├─┬ fill-range@4.0.0
126 silly currentTree │ └── extend-shallow@2.0.1
126 silly currentTree ├── finalhandler@1.1.1
126 silly currentTree ├── for-in@1.0.2
126 silly currentTree ├── forwarded@0.1.2
126 silly currentTree ├── fragment-cache@0.2.1
126 silly currentTree ├── fresh@0.5.2
126 silly currentTree ├── from@0.1.7
126 silly currentTree ├─┬ fsevents@1.2.3
126 silly currentTree │ ├── abbrev@1.1.1
126 silly currentTree │ ├── ansi-regex@2.1.1
126 silly currentTree │ ├── aproba@1.2.0
126 silly currentTree │ ├── are-we-there-yet@1.1.4
126 silly currentTree │ ├── balanced-match@1.0.0
126 silly currentTree │ ├── brace-expansion@1.1.11
126 silly currentTree │ ├── chownr@1.0.1
126 silly currentTree │ ├── code-point-at@1.1.0
126 silly currentTree │ ├── concat-map@0.0.1
126 silly currentTree │ ├── console-control-strings@1.1.0
126 silly currentTree │ ├── core-util-is@1.0.2
126 silly currentTree │ ├── debug@2.6.9
126 silly currentTree │ ├── deep-extend@0.4.2
126 silly currentTree │ ├── delegates@1.0.0
126 silly currentTree │ ├── detect-libc@1.0.3
126 silly currentTree │ ├── fs-minipass@1.2.5
126 silly currentTree │ ├── fs.realpath@1.0.0
126 silly currentTree │ ├── gauge@2.7.4
126 silly currentTree │ ├── glob@7.1.2
126 silly currentTree │ ├── has-unicode@2.0.1
126 silly currentTree │ ├── iconv-lite@0.4.21
126 silly currentTree │ ├── ignore-walk@3.0.1
126 silly currentTree │ ├── inflight@1.0.6
126 silly currentTree │ ├── inherits@2.0.3
126 silly currentTree │ ├── ini@1.3.5
126 silly currentTree │ ├── is-fullwidth-code-point@1.0.0
126 silly currentTree │ ├── isarray@1.0.0
126 silly currentTree │ ├── minimatch@3.0.4
126 silly currentTree │ ├── minimist@0.0.8
126 silly currentTree │ ├── minipass@2.2.4
126 silly currentTree │ ├── minizlib@1.1.0
126 silly currentTree │ ├── mkdirp@0.5.1
126 silly currentTree │ ├── ms@2.0.0
126 silly currentTree │ ├── needle@2.2.0
126 silly currentTree │ ├── node-pre-gyp@0.9.1
126 silly currentTree │ ├── nopt@4.0.1
126 silly currentTree │ ├── npm-bundled@1.0.3
126 silly currentTree │ ├── npm-packlist@1.1.10
126 silly currentTree │ ├── npmlog@4.1.2
126 silly currentTree │ ├── number-is-nan@1.0.1
126 silly currentTree │ ├── object-assign@4.1.1
126 silly currentTree │ ├── once@1.4.0
126 silly currentTree │ ├── os-homedir@1.0.2
126 silly currentTree │ ├── os-tmpdir@1.0.2
126 silly currentTree │ ├── osenv@0.1.5
126 silly currentTree │ ├── path-is-absolute@1.0.1
126 silly currentTree │ ├── process-nextick-args@2.0.0
126 silly currentTree │ ├─┬ rc@1.2.6
126 silly currentTree │ │ └── minimist@1.2.0
126 silly currentTree │ ├── readable-stream@2.3.6
126 silly currentTree │ ├── rimraf@2.6.2
126 silly currentTree │ ├── safe-buffer@5.1.1
126 silly currentTree │ ├── safer-buffer@2.1.2
126 silly currentTree │ ├── sax@1.2.4
126 silly currentTree │ ├── semver@5.5.0
126 silly currentTree │ ├── set-blocking@2.0.0
126 silly currentTree │ ├── signal-exit@3.0.2
126 silly currentTree │ ├── string_decoder@1.1.1
126 silly currentTree │ ├── string-width@1.0.2
126 silly currentTree │ ├── strip-ansi@3.0.1
126 silly currentTree │ ├── strip-json-comments@2.0.1
126 silly currentTree │ ├── tar@4.4.1
126 silly currentTree │ ├── util-deprecate@1.0.2
126 silly currentTree │ ├── wide-align@1.1.2
126 silly currentTree │ ├── wrappy@1.0.2
126 silly currentTree │ └── yallist@3.0.2
126 silly currentTree ├── get-stream@3.0.0
126 silly currentTree ├── get-value@2.0.6
126 silly currentTree ├─┬ glob-parent@3.1.0
126 silly currentTree │ └── is-glob@3.1.0
126 silly currentTree ├── global-dirs@0.1.1
126 silly currentTree ├── got@6.7.1
126 silly currentTree ├── graceful-fs@4.1.11
126 silly currentTree ├─┬ has-binary2@1.0.2
126 silly currentTree │ └── isarray@2.0.1
126 silly currentTree ├── has-cors@1.1.0
126 silly currentTree ├── has-flag@3.0.0
126 silly currentTree ├── has-value@1.0.0
126 silly currentTree ├─┬ has-values@1.0.0
126 silly currentTree │ └── kind-of@4.0.0
126 silly currentTree ├── http-errors@1.6.3
126 silly currentTree ├── iconv-lite@0.4.19
126 silly currentTree ├── ignore-by-default@1.0.1
126 silly currentTree ├── import-lazy@2.1.0
126 silly currentTree ├── imurmurhash@0.1.4
126 silly currentTree ├── indexof@0.0.1
126 silly currentTree ├── inherits@2.0.3
126 silly currentTree ├── ini@1.3.5
126 silly currentTree ├── ipaddr.js@1.6.0
126 silly currentTree ├─┬ is-accessor-descriptor@0.1.6
126 silly currentTree │ └── kind-of@3.2.2
126 silly currentTree ├── is-binary-path@1.0.1
126 silly currentTree ├── is-buffer@1.1.6
126 silly currentTree ├── is-ci@1.1.0
126 silly currentTree ├─┬ is-data-descriptor@0.1.4
126 silly currentTree │ └── kind-of@3.2.2
126 silly currentTree ├─┬ is-descriptor@0.1.6
126 silly currentTree │ └── kind-of@5.1.0
126 silly currentTree ├── is-extendable@0.1.1
126 silly currentTree ├── is-extglob@2.1.1
126 silly currentTree ├── is-fullwidth-code-point@2.0.0
126 silly currentTree ├── is-glob@4.0.0
126 silly currentTree ├── is-installed-globally@0.1.0
126 silly currentTree ├── is-npm@1.0.0
126 silly currentTree ├─┬ is-number@3.0.0
126 silly currentTree │ └── kind-of@3.2.2
126 silly currentTree ├── is-obj@1.0.1
126 silly currentTree ├─┬ is-odd@2.0.0
126 silly currentTree │ └── is-number@4.0.0
126 silly currentTree ├── is-path-inside@1.0.1
126 silly currentTree ├── is-plain-object@2.0.4
126 silly currentTree ├── is-redirect@1.0.0
126 silly currentTree ├── is-retry-allowed@1.1.0
126 silly currentTree ├── is-stream@1.1.0
126 silly currentTree ├── is-windows@1.0.2
126 silly currentTree ├── isarray@1.0.0
126 silly currentTree ├── isexe@2.0.0
126 silly currentTree ├── isobject@3.0.1
126 silly currentTree ├── kind-of@6.0.2
126 silly currentTree ├── latest-version@3.1.0
126 silly currentTree ├── lowercase-keys@1.0.1
126 silly currentTree ├── lru-cache@4.1.3
126 silly currentTree ├── make-dir@1.3.0
126 silly currentTree ├── map-cache@0.2.2
126 silly currentTree ├── map-stream@0.1.0
126 silly currentTree ├── map-visit@1.0.0
126 silly currentTree ├── media-typer@0.3.0
126 silly currentTree ├── merge-descriptors@1.0.1
126 silly currentTree ├── methods@1.1.2
126 silly currentTree ├── micromatch@3.1.10
126 silly currentTree ├── mime-db@1.33.0
126 silly currentTree ├── mime-types@2.1.18
126 silly currentTree ├── mime@1.4.1
126 silly currentTree ├── minimatch@3.0.4
126 silly currentTree ├── minimist@1.2.0
126 silly currentTree ├─┬ mixin-deep@1.3.1
126 silly currentTree │ └── is-extendable@1.0.1
126 silly currentTree ├── ms@2.0.0
126 silly currentTree ├── nan@2.10.0
126 silly currentTree ├── nanomatch@1.2.9
126 silly currentTree ├── negotiator@0.6.1
126 silly currentTree ├─┬ nodemon@1.17.4
126 silly currentTree │ └── debug@3.1.0
126 silly currentTree ├── nopt@1.0.10
126 silly currentTree ├── normalize-path@2.1.1
126 silly currentTree ├── npm-run-path@2.0.2
126 silly currentTree ├── object-component@0.0.3
126 silly currentTree ├─┬ object-copy@0.1.0
126 silly currentTree │ ├── define-property@0.2.5
126 silly currentTree │ └── kind-of@3.2.2
126 silly currentTree ├── object-visit@1.0.1
126 silly currentTree ├── object.pick@1.3.0
126 silly currentTree ├── on-finished@2.3.0
126 silly currentTree ├── p-finally@1.0.0
126 silly currentTree ├── package-json@4.0.1
126 silly currentTree ├── parseqs@0.0.5
126 silly currentTree ├── parseuri@0.0.5
126 silly currentTree ├── parseurl@1.3.2
126 silly currentTree ├── pascalcase@0.1.1
126 silly currentTree ├── path-dirname@1.0.2
126 silly currentTree ├── path-is-absolute@1.0.1
126 silly currentTree ├── path-is-inside@1.0.2
126 silly currentTree ├── path-key@2.0.1
126 silly currentTree ├── path-to-regexp@0.1.7
126 silly currentTree ├── pause-stream@0.0.11
126 silly currentTree ├── pify@3.0.0
126 silly currentTree ├── posix-character-classes@0.1.1
126 silly currentTree ├── prepend-http@1.0.4
126 silly currentTree ├── process-nextick-args@2.0.0
126 silly currentTree ├── proxy-addr@2.0.3
126 silly currentTree ├── ps-tree@1.1.0
126 silly currentTree ├── pseudomap@1.0.2
126 silly currentTree ├── pstree.remy@1.1.0
126 silly currentTree ├── qs@6.5.1
126 silly currentTree ├── range-parser@1.2.0
126 silly currentTree ├─┬ raw-body@2.3.2
126 silly currentTree │ ├── depd@1.1.1
126 silly currentTree │ ├── http-errors@1.6.2
126 silly currentTree │ └── setprototypeof@1.0.3
126 silly currentTree ├── rc@1.2.7
126 silly currentTree ├── readable-stream@2.3.6
126 silly currentTree ├── readdirp@2.1.0
126 silly currentTree ├── regex-not@1.0.2
126 silly currentTree ├── registry-auth-token@3.3.2
126 silly currentTree ├── registry-url@3.1.0
126 silly currentTree ├── remove-trailing-separator@1.1.0
126 silly currentTree ├── repeat-element@1.1.2
126 silly currentTree ├── repeat-string@1.6.1
126 silly currentTree ├── resolve-url@0.2.1
126 silly currentTree ├── ret@0.1.15
126 silly currentTree ├── safe-buffer@5.1.1
126 silly currentTree ├── safe-regex@1.1.0
126 silly currentTree ├── semver-diff@2.1.0
126 silly currentTree ├── semver@5.5.0
126 silly currentTree ├── send@0.16.2
126 silly currentTree ├── serve-static@1.13.2
126 silly currentTree ├── set-immediate-shim@1.0.1
126 silly currentTree ├─┬ set-value@2.0.0
126 silly currentTree │ └── extend-shallow@2.0.1
126 silly currentTree ├── setprototypeof@1.1.0
126 silly currentTree ├── shebang-command@1.2.0
126 silly currentTree ├── shebang-regex@1.0.0
126 silly currentTree ├── signal-exit@3.0.2
126 silly currentTree ├─┬ snapdragon-node@2.1.1
126 silly currentTree │ ├── define-property@1.0.0
126 silly currentTree │ ├── is-accessor-descriptor@1.0.0
126 silly currentTree │ ├── is-data-descriptor@1.0.0
126 silly currentTree │ └── is-descriptor@1.0.2
126 silly currentTree ├─┬ snapdragon-util@3.0.1
126 silly currentTree │ └── kind-of@3.2.2
126 silly currentTree ├─┬ snapdragon@0.8.2
126 silly currentTree │ ├── define-property@0.2.5
126 silly currentTree │ └── extend-shallow@2.0.1
126 silly currentTree ├── socket.io-adapter@1.1.1
126 silly currentTree ├─┬ socket.io-client@2.1.0
126 silly currentTree │ └── debug@3.1.0
126 silly currentTree ├─┬ socket.io-parser@3.2.0
126 silly currentTree │ ├── debug@3.1.0
126 silly currentTree │ └── isarray@2.0.1
126 silly currentTree ├─┬ socket.io@2.1.0
126 silly currentTree │ └── debug@3.1.0
126 silly currentTree ├── source-map-resolve@0.5.2
126 silly currentTree ├── source-map-url@0.4.0
126 silly currentTree ├── source-map@0.5.7
126 silly currentTree ├── split-string@3.1.0
126 silly currentTree ├── split@0.3.3
126 silly currentTree ├─┬ static-extend@0.1.2
126 silly currentTree │ └── define-property@0.2.5
126 silly currentTree ├── statuses@1.4.0
126 silly currentTree ├── stream-combiner@0.0.4
126 silly currentTree ├── string_decoder@1.1.1
126 silly currentTree ├── string-width@2.1.1
126 silly currentTree ├── strip-ansi@4.0.0
126 silly currentTree ├── strip-eof@1.0.0
126 silly currentTree ├── strip-json-comments@2.0.1
126 silly currentTree ├── supports-color@5.4.0
126 silly currentTree ├── term-size@1.2.0
126 silly currentTree ├── through@2.3.8
126 silly currentTree ├── timed-out@4.0.1
126 silly currentTree ├── to-array@0.1.4
126 silly currentTree ├─┬ to-object-path@0.3.0
126 silly currentTree │ └── kind-of@3.2.2
126 silly currentTree ├── to-regex-range@2.1.1
126 silly currentTree ├── to-regex@3.0.2
126 silly currentTree ├── touch@3.1.0
126 silly currentTree ├── type-is@1.6.16
126 silly currentTree ├── ultron@1.1.1
126 silly currentTree ├── undefsafe@2.0.2
126 silly currentTree ├─┬ union-value@1.0.0
126 silly currentTree │ ├── extend-shallow@2.0.1
126 silly currentTree │ └── set-value@0.4.3
126 silly currentTree ├── unique-string@1.0.0
126 silly currentTree ├── unpipe@1.0.0
126 silly currentTree ├─┬ unset-value@1.0.0
126 silly currentTree │ ├─┬ has-value@0.3.1
126 silly currentTree │ │ └── isobject@2.1.0
126 silly currentTree │ └── has-values@0.1.4
126 silly currentTree ├── unzip-response@2.0.1
126 silly currentTree ├── upath@1.0.5
126 silly currentTree ├── update-notifier@2.5.0
126 silly currentTree ├── urix@0.1.0
126 silly currentTree ├── url-parse-lax@1.0.0
126 silly currentTree ├── use@3.1.0
126 silly currentTree ├── util-deprecate@1.0.2
126 silly currentTree ├── utils-merge@1.0.1
126 silly currentTree ├── vary@1.1.2
126 silly currentTree ├── which@1.3.0
126 silly currentTree ├── widest-line@2.0.0
126 silly currentTree ├── write-file-atomic@2.3.0
126 silly currentTree ├── ws@3.3.3
126 silly currentTree ├── xdg-basedir@3.0.0
126 silly currentTree ├── xmlhttprequest-ssl@1.5.5
126 silly currentTree ├── yallist@2.1.2
126 silly currentTree └── yeast@0.1.2
127 silly idealTree programming3@1.0.0
127 silly idealTree ├── abbrev@1.1.1
127 silly idealTree ├── accepts@1.3.5
127 silly idealTree ├── after@0.8.2
127 silly idealTree ├── ansi-align@2.0.0
127 silly idealTree ├── ansi-regex@3.0.0
127 silly idealTree ├── ansi-styles@3.2.1
127 silly idealTree ├── anymatch@2.0.0
127 silly idealTree ├── arr-diff@4.0.0
127 silly idealTree ├── arr-flatten@1.1.0
127 silly idealTree ├── arr-union@3.1.0
127 silly idealTree ├── array-flatten@1.1.1
127 silly idealTree ├── array-unique@0.3.2
127 silly idealTree ├── arraybuffer.slice@0.0.7
127 silly idealTree ├── assign-symbols@1.0.0
127 silly idealTree ├── async-each@1.0.1
127 silly idealTree ├── async-limiter@1.0.0
127 silly idealTree ├── atob@2.1.1
127 silly idealTree ├── backo2@1.0.2
127 silly idealTree ├── balanced-match@1.0.0
127 silly idealTree ├─┬ base@0.11.2
127 silly idealTree │ ├── define-property@1.0.0
127 silly idealTree │ ├── is-accessor-descriptor@1.0.0
127 silly idealTree │ ├── is-data-descriptor@1.0.0
127 silly idealTree │ └── is-descriptor@1.0.2
127 silly idealTree ├── base64-arraybuffer@0.1.5
127 silly idealTree ├── base64id@1.0.0
127 silly idealTree ├── better-assert@1.0.2
127 silly idealTree ├── binary-extensions@1.11.0
127 silly idealTree ├── blob@0.0.4
127 silly idealTree ├── body-parser@1.18.2
127 silly idealTree ├── boxen@1.3.0
127 silly idealTree ├── brace-expansion@1.1.11
127 silly idealTree ├─┬ braces@2.3.2
127 silly idealTree │ └── extend-shallow@2.0.1
127 silly idealTree ├── bytes@3.0.0
127 silly idealTree ├── cache-base@1.0.1
127 silly idealTree ├── callsite@1.0.0
127 silly idealTree ├── camelcase@4.1.0
127 silly idealTree ├── capture-stack-trace@1.0.0
127 silly idealTree ├── chalk@2.4.1
127 silly idealTree ├── chokidar@2.0.3
127 silly idealTree ├── ci-info@1.1.3
127 silly idealTree ├─┬ class-utils@0.3.6
127 silly idealTree │ └── define-property@0.2.5
127 silly idealTree ├── cli-boxes@1.0.0
127 silly idealTree ├── collection-visit@1.0.0
127 silly idealTree ├── color-convert@1.9.1
127 silly idealTree ├── color-name@1.1.3
127 silly idealTree ├── component-bind@1.0.0
127 silly idealTree ├── component-emitter@1.2.1
127 silly idealTree ├── component-inherit@0.0.3
127 silly idealTree ├── concat-map@0.0.1
127 silly idealTree ├── configstore@3.1.2
127 silly idealTree ├── content-disposition@0.5.2
127 silly idealTree ├── content-type@1.0.4
127 silly idealTree ├── cookie-signature@1.0.6
127 silly idealTree ├── cookie@0.3.1
127 silly idealTree ├── copy-descriptor@0.1.1
127 silly idealTree ├── core-util-is@1.0.2
127 silly idealTree ├── create-error-class@3.0.2
127 silly idealTree ├── cross-spawn@5.1.0
127 silly idealTree ├── crypto-random-string@1.0.0
127 silly idealTree ├── debug@2.6.9
127 silly idealTree ├── decode-uri-component@0.2.0
127 silly idealTree ├── deep-extend@0.5.1
127 silly idealTree ├─┬ define-property@2.0.2
127 silly idealTree │ ├── is-accessor-descriptor@1.0.0
127 silly idealTree │ ├── is-data-descriptor@1.0.0
127 silly idealTree │ └── is-descriptor@1.0.2
127 silly idealTree ├── depd@1.1.2
127 silly idealTree ├── destroy@1.0.4
127 silly idealTree ├── dot-prop@4.2.0
127 silly idealTree ├── duplexer@0.1.1
127 silly idealTree ├── duplexer3@0.1.4
127 silly idealTree ├── ee-first@1.1.1
127 silly idealTree ├── encodeurl@1.0.2
127 silly idealTree ├─┬ engine.io-client@3.2.1
127 silly idealTree │ └── debug@3.1.0
127 silly idealTree ├── engine.io-parser@2.1.2
127 silly idealTree ├─┬ engine.io@3.2.0
127 silly idealTree │ └── debug@3.1.0
127 silly idealTree ├── escape-html@1.0.3
127 silly idealTree ├── escape-string-regexp@1.0.5
127 silly idealTree ├── etag@1.8.1
127 silly idealTree ├── event-stream@3.3.4
127 silly idealTree ├── execa@0.7.0
127 silly idealTree ├─┬ expand-brackets@2.1.4
127 silly idealTree │ ├── define-property@0.2.5
127 silly idealTree │ └── extend-shallow@2.0.1
127 silly idealTree ├── express@4.16.3
127 silly idealTree ├─┬ extend-shallow@3.0.2
127 silly idealTree │ └── is-extendable@1.0.1
127 silly idealTree ├─┬ extglob@2.0.4
127 silly idealTree │ ├── define-property@1.0.0
127 silly idealTree │ ├── extend-shallow@2.0.1
127 silly idealTree │ ├── is-accessor-descriptor@1.0.0
127 silly idealTree │ ├── is-data-descriptor@1.0.0
127 silly idealTree │ └── is-descriptor@1.0.2
127 silly idealTree ├─┬ fill-range@4.0.0
127 silly idealTree │ └── extend-shallow@2.0.1
127 silly idealTree ├── finalhandler@1.1.1
127 silly idealTree ├── for-in@1.0.2
127 silly idealTree ├── forwarded@0.1.2
127 silly idealTree ├── fragment-cache@0.2.1
127 silly idealTree ├── fresh@0.5.2
127 silly idealTree ├── from@0.1.7
127 silly idealTree ├─┬ fsevents@1.2.3
127 silly idealTree │ ├── abbrev@1.1.1
127 silly idealTree │ ├── ansi-regex@2.1.1
127 silly idealTree │ ├── aproba@1.2.0
127 silly idealTree │ ├── are-we-there-yet@1.1.4
127 silly idealTree │ ├── balanced-match@1.0.0
127 silly idealTree │ ├── brace-expansion@1.1.11
127 silly idealTree │ ├── chownr@1.0.1
127 silly idealTree │ ├── code-point-at@1.1.0
127 silly idealTree │ ├── concat-map@0.0.1
127 silly idealTree │ ├── console-control-strings@1.1.0
127 silly idealTree │ ├── core-util-is@1.0.2
127 silly idealTree │ ├── debug@2.6.9
127 silly idealTree │ ├── deep-extend@0.4.2
127 silly idealTree │ ├── delegates@1.0.0
127 silly idealTree │ ├── detect-libc@1.0.3
127 silly idealTree │ ├── fs-minipass@1.2.5
127 silly idealTree │ ├── fs.realpath@1.0.0
127 silly idealTree │ ├── gauge@2.7.4
127 silly idealTree │ ├── glob@7.1.2
127 silly idealTree │ ├── has-unicode@2.0.1
127 silly idealTree │ ├── iconv-lite@0.4.21
127 silly idealTree │ ├── ignore-walk@3.0.1
127 silly idealTree │ ├── inflight@1.0.6
127 silly idealTree │ ├── inherits@2.0.3
127 silly idealTree │ ├── ini@1.3.5
127 silly idealTree │ ├── is-fullwidth-code-point@1.0.0
127 silly idealTree │ ├── isarray@1.0.0
127 silly idealTree │ ├── minimatch@3.0.4
127 silly idealTree │ ├── minimist@0.0.8
127 silly idealTree │ ├── minipass@2.2.4
127 silly idealTree │ ├── minizlib@1.1.0
127 silly idealTree │ ├── mkdirp@0.5.1
127 silly idealTree │ ├── ms@2.0.0
127 silly idealTree │ ├── needle@2.2.0
127 silly idealTree │ ├── node-pre-gyp@0.9.1
127 silly idealTree │ ├── nopt@4.0.1
127 silly idealTree │ ├── npm-bundled@1.0.3
127 silly idealTree │ ├── npm-packlist@1.1.10
127 silly idealTree │ ├── npmlog@4.1.2
127 silly idealTree │ ├── number-is-nan@1.0.1
127 silly idealTree │ ├── object-assign@4.1.1
127 silly idealTree │ ├── once@1.4.0
127 silly idealTree │ ├── os-homedir@1.0.2
127 silly idealTree │ ├── os-tmpdir@1.0.2
127 silly idealTree │ ├── osenv@0.1.5
127 silly idealTree │ ├── path-is-absolute@1.0.1
127 silly idealTree │ ├── process-nextick-args@2.0.0
127 silly idealTree │ ├─┬ rc@1.2.6
127 silly idealTree │ │ └── minimist@1.2.0
127 silly idealTree │ ├── readable-stream@2.3.6
127 silly idealTree │ ├── rimraf@2.6.2
127 silly idealTree │ ├── safe-buffer@5.1.1
127 silly idealTree │ ├── safer-buffer@2.1.2
127 silly idealTree │ ├── sax@1.2.4
127 silly idealTree │ ├── semver@5.5.0
127 silly idealTree │ ├── set-blocking@2.0.0
127 silly idealTree │ ├── signal-exit@3.0.2
127 silly idealTree │ ├── string_decoder@1.1.1
127 silly idealTree │ ├── string-width@1.0.2
127 silly idealTree │ ├── strip-ansi@3.0.1
127 silly idealTree │ ├── strip-json-comments@2.0.1
127 silly idealTree │ ├── tar@4.4.1
127 silly idealTree │ ├── util-deprecate@1.0.2
127 silly idealTree │ ├── wide-align@1.1.2
127 silly idealTree │ ├── wrappy@1.0.2
127 silly idealTree │ └── yallist@3.0.2
127 silly idealTree ├── get-stream@3.0.0
127 silly idealTree ├── get-value@2.0.6
127 silly idealTree ├─┬ glob-parent@3.1.0
127 silly idealTree │ └── is-glob@3.1.0
127 silly idealTree ├── global-dirs@0.1.1
127 silly idealTree ├── got@6.7.1
127 silly idealTree ├── graceful-fs@4.1.11
127 silly idealTree ├─┬ has-binary2@1.0.2
127 silly idealTree │ └── isarray@2.0.1
127 silly idealTree ├── has-cors@1.1.0
127 silly idealTree ├── has-flag@3.0.0
127 silly idealTree ├── has-value@1.0.0
127 silly idealTree ├─┬ has-values@1.0.0
127 silly idealTree │ └── kind-of@4.0.0
127 silly idealTree ├── http-errors@1.6.3
127 silly idealTree ├── iconv-lite@0.4.19
127 silly idealTree ├── ignore-by-default@1.0.1
127 silly idealTree ├── import-lazy@2.1.0
127 silly idealTree ├── imurmurhash@0.1.4
127 silly idealTree ├── indexof@0.0.1
127 silly idealTree ├── inherits@2.0.3
127 silly idealTree ├── ini@1.3.5
127 silly idealTree ├── ipaddr.js@1.6.0
127 silly idealTree ├─┬ is-accessor-descriptor@0.1.6
127 silly idealTree │ └── kind-of@3.2.2
127 silly idealTree ├── is-binary-path@1.0.1
127 silly idealTree ├── is-buffer@1.1.6
127 silly idealTree ├── is-ci@1.1.0
127 silly idealTree ├─┬ is-data-descriptor@0.1.4
127 silly idealTree │ └── kind-of@3.2.2
127 silly idealTree ├─┬ is-descriptor@0.1.6
127 silly idealTree │ └── kind-of@5.1.0
127 silly idealTree ├── is-extendable@0.1.1
127 silly idealTree ├── is-extglob@2.1.1
127 silly idealTree ├── is-fullwidth-code-point@2.0.0
127 silly idealTree ├── is-glob@4.0.0
127 silly idealTree ├── is-installed-globally@0.1.0
127 silly idealTree ├── is-npm@1.0.0
127 silly idealTree ├─┬ is-number@3.0.0
127 silly idealTree │ └── kind-of@3.2.2
127 silly idealTree ├── is-obj@1.0.1
127 silly idealTree ├─┬ is-odd@2.0.0
127 silly idealTree │ └── is-number@4.0.0
127 silly idealTree ├── is-path-inside@1.0.1
127 silly idealTree ├── is-plain-object@2.0.4
127 silly idealTree ├── is-redirect@1.0.0
127 silly idealTree ├── is-retry-allowed@1.1.0
127 silly idealTree ├── is-stream@1.1.0
127 silly idealTree ├── is-windows@1.0.2
127 silly idealTree ├── isarray@1.0.0
127 silly idealTree ├── isexe@2.0.0
127 silly idealTree ├── isobject@3.0.1
127 silly idealTree ├── kind-of@6.0.2
127 silly idealTree ├── latest-version@3.1.0
127 silly idealTree ├── lowercase-keys@1.0.1
127 silly idealTree ├── lru-cache@4.1.3
127 silly idealTree ├── make-dir@1.3.0
127 silly idealTree ├── map-cache@0.2.2
127 silly idealTree ├── map-stream@0.1.0
127 silly idealTree ├── map-visit@1.0.0
127 silly idealTree ├── media-typer@0.3.0
127 silly idealTree ├── merge-descriptors@1.0.1
127 silly idealTree ├── methods@1.1.2
127 silly idealTree ├── micromatch@3.1.10
127 silly idealTree ├── mime-db@1.33.0
127 silly idealTree ├── mime-types@2.1.18
127 silly idealTree ├── mime@1.4.1
127 silly idealTree ├── minimatch@3.0.4
127 silly idealTree ├── minimist@1.2.0
127 silly idealTree ├─┬ mixin-deep@1.3.1
127 silly idealTree │ └── is-extendable@1.0.1
127 silly idealTree ├── ms@2.0.0
127 silly idealTree ├── nan@2.10.0
127 silly idealTree ├── nanomatch@1.2.9
127 silly idealTree ├── negotiator@0.6.1
127 silly idealTree ├── node-bin-setup@1.0.6
127 silly idealTree ├── node@10.0.0
127 silly idealTree ├─┬ nodemon@1.17.4
127 silly idealTree │ └── debug@3.1.0
127 silly idealTree ├── nopt@1.0.10
127 silly idealTree ├── normalize-path@2.1.1
127 silly idealTree ├── npm-run-path@2.0.2
127 silly idealTree ├── object-component@0.0.3
127 silly idealTree ├─┬ object-copy@0.1.0
127 silly idealTree │ ├── define-property@0.2.5
127 silly idealTree │ └── kind-of@3.2.2
127 silly idealTree ├── object-visit@1.0.1
127 silly idealTree ├── object.pick@1.3.0
127 silly idealTree ├── on-finished@2.3.0
127 silly idealTree ├── p-finally@1.0.0
127 silly idealTree ├── package-json@4.0.1
127 silly idealTree ├── parseqs@0.0.5
127 silly idealTree ├── parseuri@0.0.5
127 silly idealTree ├── parseurl@1.3.2
127 silly idealTree ├── pascalcase@0.1.1
127 silly idealTree ├── path-dirname@1.0.2
127 silly idealTree ├── path-is-absolute@1.0.1
127 silly idealTree ├── path-is-inside@1.0.2
127 silly idealTree ├── path-key@2.0.1
127 silly idealTree ├── path-to-regexp@0.1.7
127 silly idealTree ├── pause-stream@0.0.11
127 silly idealTree ├── pify@3.0.0
127 silly idealTree ├── posix-character-classes@0.1.1
127 silly idealTree ├── prepend-http@1.0.4
127 silly idealTree ├── process-nextick-args@2.0.0
127 silly idealTree ├── proxy-addr@2.0.3
127 silly idealTree ├── ps-tree@1.1.0
127 silly idealTree ├── pseudomap@1.0.2
127 silly idealTree ├── pstree.remy@1.1.0
127 silly idealTree ├── qs@6.5.1
127 silly idealTree ├── range-parser@1.2.0
127 silly idealTree ├─┬ raw-body@2.3.2
127 silly idealTree │ ├── depd@1.1.1
127 silly idealTree │ ├── http-errors@1.6.2
127 silly idealTree │ └── setprototypeof@1.0.3
127 silly idealTree ├── rc@1.2.7
127 silly idealTree ├── readable-stream@2.3.6
127 silly idealTree ├── readdirp@2.1.0
127 silly idealTree ├── regex-not@1.0.2
127 silly idealTree ├── registry-auth-token@3.3.2
127 silly idealTree ├── registry-url@3.1.0
127 silly idealTree ├── remove-trailing-separator@1.1.0
127 silly idealTree ├── repeat-element@1.1.2
127 silly idealTree ├── repeat-string@1.6.1
127 silly idealTree ├── resolve-url@0.2.1
127 silly idealTree ├── ret@0.1.15
127 silly idealTree ├── safe-buffer@5.1.1
127 silly idealTree ├── safe-regex@1.1.0
127 silly idealTree ├── semver-diff@2.1.0
127 silly idealTree ├── semver@5.5.0
127 silly idealTree ├── send@0.16.2
127 silly idealTree ├── serve-static@1.13.2
127 silly idealTree ├── set-immediate-shim@1.0.1
127 silly idealTree ├─┬ set-value@2.0.0
127 silly idealTree │ └── extend-shallow@2.0.1
127 silly idealTree ├── setprototypeof@1.1.0
127 silly idealTree ├── shebang-command@1.2.0
127 silly idealTree ├── shebang-regex@1.0.0
127 silly idealTree ├── signal-exit@3.0.2
127 silly idealTree ├─┬ snapdragon-node@2.1.1
127 silly idealTree │ ├── define-property@1.0.0
127 silly idealTree │ ├── is-accessor-descriptor@1.0.0
127 silly idealTree │ ├── is-data-descriptor@1.0.0
127 silly idealTree │ └── is-descriptor@1.0.2
127 silly idealTree ├─┬ snapdragon-util@3.0.1
127 silly idealTree │ └── kind-of@3.2.2
127 silly idealTree ├─┬ snapdragon@0.8.2
127 silly idealTree │ ├── define-property@0.2.5
127 silly idealTree │ └── extend-shallow@2.0.1
127 silly idealTree ├── socket.io-adapter@1.1.1
127 silly idealTree ├─┬ socket.io-client@2.1.0
127 silly idealTree │ └── debug@3.1.0
127 silly idealTree ├─┬ socket.io-parser@3.2.0
127 silly idealTree │ ├── debug@3.1.0
127 silly idealTree │ └── isarray@2.0.1
127 silly idealTree ├─┬ socket.io@2.1.0
127 silly idealTree │ └── debug@3.1.0
127 silly idealTree ├── source-map-resolve@0.5.2
127 silly idealTree ├── source-map-url@0.4.0
127 silly idealTree ├── source-map@0.5.7
127 silly idealTree ├── split-string@3.1.0
127 silly idealTree ├── split@0.3.3
127 silly idealTree ├─┬ static-extend@0.1.2
127 silly idealTree │ └── define-property@0.2.5
127 silly idealTree ├── statuses@1.4.0
127 silly idealTree ├── stream-combiner@0.0.4
127 silly idealTree ├── string_decoder@1.1.1
127 silly idealTree ├── string-width@2.1.1
127 silly idealTree ├── strip-ansi@4.0.0
127 silly idealTree ├── strip-eof@1.0.0
127 silly idealTree ├── strip-json-comments@2.0.1
127 silly idealTree ├── supports-color@5.4.0
127 silly idealTree ├── term-size@1.2.0
127 silly idealTree ├── through@2.3.8
127 silly idealTree ├── timed-out@4.0.1
127 silly idealTree ├── to-array@0.1.4
127 silly idealTree ├─┬ to-object-path@0.3.0
127 silly idealTree │ └── kind-of@3.2.2
127 silly idealTree ├── to-regex-range@2.1.1
127 silly idealTree ├── to-regex@3.0.2
127 silly idealTree ├── touch@3.1.0
127 silly idealTree ├── type-is@1.6.16
127 silly idealTree ├── ultron@1.1.1
127 silly idealTree ├── undefsafe@2.0.2
127 silly idealTree ├─┬ union-value@1.0.0
127 silly idealTree │ ├── extend-shallow@2.0.1
127 silly idealTree │ └── set-value@0.4.3
127 silly idealTree ├── unique-string@1.0.0
127 silly idealTree ├── unpipe@1.0.0
127 silly idealTree ├─┬ unset-value@1.0.0
127 silly idealTree │ ├─┬ has-value@0.3.1
127 silly idealTree │ │ └── isobject@2.1.0
127 silly idealTree │ └── has-values@0.1.4
127 silly idealTree ├── unzip-response@2.0.1
127 silly idealTree ├── upath@1.0.5
127 silly idealTree ├── update-notifier@2.5.0
127 silly idealTree ├── urix@0.1.0
127 silly idealTree ├── url-parse-lax@1.0.0
127 silly idealTree ├── use@3.1.0
127 silly idealTree ├── util-deprecate@1.0.2
127 silly idealTree ├── utils-merge@1.0.1
127 silly idealTree ├── vary@1.1.2
127 silly idealTree ├── which@1.3.0
127 silly idealTree ├── widest-line@2.0.0
127 silly idealTree ├── write-file-atomic@2.3.0
127 silly idealTree ├── ws@3.3.3
127 silly idealTree ├── xdg-basedir@3.0.0
127 silly idealTree ├── xmlhttprequest-ssl@1.5.5
127 silly idealTree ├── yallist@2.1.2
127 silly idealTree └── yeast@0.1.2
128 silly generateActionsToTake Starting
129 silly install generateActionsToTake
130 silly generateActionsToTake Finishing
131 silly diffTrees action count 2
132 silly diffTrees add node-bin-setup@1.0.6
133 silly diffTrees add node@10.0.0
134 silly decomposeActions action count 16
135 silly decomposeActions fetch node-bin-setup@1.0.6
136 silly decomposeActions extract node-bin-setup@1.0.6
137 silly decomposeActions test node-bin-setup@1.0.6
138 silly decomposeActions preinstall node-bin-setup@1.0.6
139 silly decomposeActions build node-bin-setup@1.0.6
140 silly decomposeActions install node-bin-setup@1.0.6
141 silly decomposeActions postinstall node-bin-setup@1.0.6
142 silly decomposeActions finalize node-bin-setup@1.0.6
143 silly decomposeActions fetch node@10.0.0
144 silly decomposeActions extract node@10.0.0
145 silly decomposeActions test node@10.0.0
146 silly decomposeActions preinstall node@10.0.0
147 silly decomposeActions build node@10.0.0
148 silly decomposeActions install node@10.0.0
149 silly decomposeActions postinstall node@10.0.0
150 silly decomposeActions finalize node@10.0.0
151 silly runTopLevelLifecycles Starting
152 silly executeActions Starting
153 silly install executeActions
154 silly doSerial global-install 0
155 silly doParallel fetch 2
156 verbose correctMkdir /Users/user/.npm/_locks correctMkdir not in flight; initializing
157 verbose lock using /Users/user/.npm/_locks/staging-197b6cd72d4388a2.lock for /Users/user/Desktop/pro3/node_modules/.staging
158 silly doParallel extract 2
159 silly extract node-bin-setup@1.0.6
160 silly extract node@10.0.0
161 verbose unbuild node_modules/.staging/node-bin-setup-4600a8df
162 verbose unbuild node_modules/.staging/node-54410439
163 silly gentlyRm /Users/user/Desktop/pro3/node_modules/.staging/node-bin-setup-4600a8df is being purged from base /Users/user/Desktop/pro3
164 verbose gentlyRm don't care about contents; nuking /Users/user/Desktop/pro3/node_modules/.staging/node-bin-setup-4600a8df
165 verbose tar unpack /Users/user/.npm/node-bin-setup/1.0.6/package.tgz
166 verbose tar unpacking to /Users/user/Desktop/pro3/node_modules/.staging/node-bin-setup-4600a8df
167 silly gentlyRm /Users/user/Desktop/pro3/node_modules/.staging/node-bin-setup-4600a8df is being purged
168 verbose gentlyRm don't care about contents; nuking /Users/user/Desktop/pro3/node_modules/.staging/node-bin-setup-4600a8df
169 silly gentlyRm /Users/user/Desktop/pro3/node_modules/.staging/node-54410439 is being purged from base /Users/user/Desktop/pro3
170 verbose gentlyRm don't care about contents; nuking /Users/user/Desktop/pro3/node_modules/.staging/node-54410439
171 silly gunzTarPerm modes [ '755', '644' ]
172 verbose tar unpack /Users/user/.npm/node/10.0.0/package.tgz
173 verbose tar unpacking to /Users/user/Desktop/pro3/node_modules/.staging/node-54410439
174 silly gentlyRm /Users/user/Desktop/pro3/node_modules/.staging/node-54410439 is being purged
175 verbose gentlyRm don't care about contents; nuking /Users/user/Desktop/pro3/node_modules/.staging/node-54410439
176 silly gunzTarPerm modes [ '755', '644' ]
177 silly gunzTarPerm extractEntry package.json
178 silly gunzTarPerm extractEntry package.json
179 silly gunzTarPerm extractEntry index.js
180 silly gunzTarPerm extractEntry installArchSpecificPackage.js
181 silly gunzTarPerm extractEntry README.md
182 silly gentlyRm /Users/user/Desktop/pro3/node_modules/.staging/node-bin-setup-4600a8df/node_modules is being purged
183 verbose gentlyRm don't care about contents; nuking /Users/user/Desktop/pro3/node_modules/.staging/node-bin-setup-4600a8df/node_modules
184 silly gentlyRm /Users/user/Desktop/pro3/node_modules/.staging/node-54410439/node_modules is being purged
185 verbose gentlyRm don't care about contents; nuking /Users/user/Desktop/pro3/node_modules/.staging/node-54410439/node_modules
186 silly doParallel preinstall 2
187 silly preinstall node-bin-setup@1.0.6 /Users/user/Desktop/pro3/node_modules/.staging/node-bin-setup-4600a8df
188 info lifecycle node-bin-setup@1.0.6~preinstall: node-bin-setup@1.0.6
189 silly preinstall node@10.0.0 /Users/user/Desktop/pro3/node_modules/.staging/node-54410439
190 info lifecycle node@10.0.0~preinstall: node@10.0.0
191 silly lifecycle node-bin-setup@1.0.6~preinstall: no script for preinstall, continuing
192 verbose lifecycle node@10.0.0~preinstall: unsafe-perm in lifecycle true
193 verbose lifecycle node@10.0.0~preinstall: PATH: /usr/local/lib/node_modules/npm/bin/node-gyp-bin:/Users/user/Desktop/pro3/node_modules/.staging/node-54410439/node_modules/.bin:/Users/user/Desktop/pro3/node_modules/.bin:/usr/local/bin:/usr/bin:/bin:/usr/sbin:/sbin
194 verbose lifecycle node@10.0.0~preinstall: CWD: /Users/user/Desktop/pro3/node_modules/.staging/node-54410439
195 silly lifecycle node@10.0.0~preinstall: Args: [ '-c', 'node installArchSpecificPackage' ]
196 silly lifecycle node@10.0.0~preinstall: Returned: code: 1  signal: null
197 info lifecycle node@10.0.0~preinstall: Failed to exec preinstall script
198 verbose unlock done using /Users/user/.npm/_locks/staging-197b6cd72d4388a2.lock for /Users/user/Desktop/pro3/node_modules/.staging
199 silly rollbackFailedOptional Starting
200 silly rollbackFailedOptional Finishing
201 silly runTopLevelLifecycles Finishing
202 silly install printInstalled
203 warn programming3@1.0.0 No description
204 verbose If you need help, you may report this error at:
204 verbose     <https://github.com/npm/npm/issues>
205 verbose stack Error: node@10.0.0 preinstall: `node installArchSpecificPackage`
205 verbose stack Exit status 1
205 verbose stack     at EventEmitter.<anonymous> (/usr/local/lib/node_modules/npm/lib/utils/lifecycle.js:255:16)
205 verbose stack     at emitTwo (events.js:106:13)
205 verbose stack     at EventEmitter.emit (events.js:191:7)
205 verbose stack     at ChildProcess.<anonymous> (/usr/local/lib/node_modules/npm/lib/utils/spawn.js:40:14)
205 verbose stack     at emitTwo (events.js:106:13)
205 verbose stack     at ChildProcess.emit (events.js:191:7)
205 verbose stack     at maybeClose (internal/child_process.js:891:16)
205 verbose stack     at Process.ChildProcess._handle.onexit (internal/child_process.js:226:5)
206 verbose pkgid node@10.0.0
207 verbose cwd /Users/user/Desktop/pro3
208 error Darwin 16.7.0
209 error argv "/usr/local/bin/node" "/usr/local/bin/npm" "i" "node"
210 error node v6.11.1
211 error npm  v3.10.10
212 error code ELIFECYCLE
213 error node@10.0.0 preinstall: `node installArchSpecificPackage`
213 error Exit status 1
214 error Failed at the node@10.0.0 preinstall script 'node installArchSpecificPackage'.
214 error Make sure you have the latest version of node.js and npm installed.
214 error If you do, this is most likely a problem with the node package,
214 error not with npm itself.
214 error Tell the author that this fails on your system:
214 error     node installArchSpecificPackage
214 error You can get information on how to open an issue for this project with:
214 error     npm bugs node
214 error Or if that isn't available, you can get their info via:
214 error     npm owner ls node
214 error There is likely additional logging output above.
215 verbose exit [ 1, true ]
